<?xml version="1.0" encoding="UTF-8"?>
<testng-results ignored="0" total="1" passed="1" failed="0" skipped="0">
  <reporter-output>
  </reporter-output>
  <suite started-at="2024-08-03T16:52:17 IST" name="Default suite" finished-at="2024-08-03T16:52:22 IST" duration-ms="4117">
    <groups>
    </groups>
    <test started-at="2024-08-03T16:52:17 IST" name="Default test" finished-at="2024-08-03T16:52:22 IST" duration-ms="4117">
      <class name="API.ApiTest">
        <test-method signature="testResponseTime()[pri:0, instance:API.ApiTest@665e9289]" started-at="2024-08-03T16:52:18 IST" name="testResponseTime" finished-at="2024-08-03T16:52:22 IST" duration-ms="4029" status="PASS">
          <reporter-output>
          </reporter-output>
        </test-method> <!-- testResponseTime -->
      </class> <!-- API.ApiTest -->
    </test> <!-- Default test -->
  </suite> <!-- Default suite -->
</testng-results>
